<?xml version="1.0" encoding="UTF-8"?>
<!-- Generated by org.testng.reporters.JUnitReportReporter -->
<testsuite hostname="COREPG03EKWY" failures="0" tests="4" name="google.test.EcomAPI" time="3.181" errors="0" timestamp="2025-12-30T08:41:24 IST" skipped="0">
  <testcase classname="google.test.EcomAPI" name="placeOrder" time="0.242"/>
  <testcase classname="google.test.EcomAPI" name="deleteTheProduct" time="0.172"/>
  <testcase classname="google.test.EcomAPI" name="addProduct" time="0.636"/>
  <testcase classname="google.test.EcomAPI" name="createAddDeleteOrder" time="2.131"/>
</testsuite> <!-- google.test.EcomAPI -->
